<?xml version="1.0" encoding="UTF-8"?>
<testsuite xmlns:xsi="http://www.w3.org/2001/XMLSchema-instance" xsi:noNamespaceSchemaLocation="https://maven.apache.org/surefire/maven-surefire-plugin/xsd/surefire-test-report-3.0.xsd" version="3.0" name="testRunner.TestRunner" time="95.175" tests="3" errors="0" skipped="0" failures="0">
  <properties>
[...]
</properties>
  <testcase name="runScenario[&quot;Login with invalid Google account details&quot;, &quot;Google Login&quot;](1)" classname="testRunner.TestRunner" time="34.864">
    <system-out><![CDATA[
@tag
Scenario Outline: Login with invalid Google account details                   # Features/LoginDDTExcel.feature:4
  Given the user has the car sales website open in their browser              # stepDefinitions.UsedCars.the_user_has_the_car_sales_website_open_in_their_browser()
  When the user clicks on the login icon                                      # stepDefinitions.LoginSteps.the_user_clicks_on_the_login_icon()
  And the user clicks on the Google button                                    # stepDefinitions.LoginSteps.the_user_clicks_on_the_google_button()
  And the user switches to the new window                                     # stepDefinitions.LoginSteps.the_user_switches_to_the_new_window()
eXTsa@gmail.com
Couldn’t find your Google Account
Mftmu@xyz
Enter a valid email or phone number

Enter an email or phone number
  And the user enters the emailId and clicks on the Next button               # stepDefinitions.LoginSteps.the_user_enters_the_email_id_and_clicks_on_the_next_button()
[Couldn’t find your Google Account, Enter a valid email or phone number, Enter an email or phone number]
  Then the system should display an error message and print it in the console # stepDefinitions.LoginSteps.the_system_should_display_an_error_message_and_print_it_in_the_console()
]]></system-out>
    <system-err><![CDATA[SLF4J: Failed to load class "org.slf4j.impl.StaticLoggerBinder".
SLF4J: Defaulting to no-operation (NOP) logger implementation
SLF4J: See http://www.slf4j.org/codes.html#StaticLoggerBinder for further details.
Apr 10, 2024 5:20:42 AM org.openqa.selenium.remote.tracing.opentelemetry.OpenTelemetryTracer createTracer
INFO: Using OpenTelemetry for tracing
]]></system-err>
  </testcase>
  <testcase name="runScenario[&quot;View upcoming Honda bikes under 4Lac on ZigWheels&quot;, &quot;Display upcoming Honda bikes under 4Lac in India on ZigWheels&quot;](2)" classname="testRunner.TestRunner" time="27.506">
    <system-out><![CDATA[
@tag
Scenario: View upcoming Honda bikes under 4Lac on ZigWheels                             # Features/UpcomingHondaBikesUnder4Lac.feature:7
  Given the user is on the ZigWheels website                                            # stepDefinitions.UpcomingHondaBikesUnder4Lac.the_user_is_on_the_zig_wheels_website()
  When the user hovers over the New Bikes section                                       # stepDefinitions.UpcomingHondaBikesUnder4Lac.the_user_hovers_over_the_section()
  And the user selects Upcoming Bikes from the dropdown                                 # stepDefinitions.UpcomingHondaBikesUnder4Lac.the_user_selects_upcoming_bikes_from_the_dropdown()
  And the user sets the filter Manufacturer to Honda                                    # stepDefinitions.UpcomingHondaBikesUnder4Lac.the_user_sets_the_filter_manufacturer_to_honda()
  And the user clicks on the View More button                                           # stepDefinitions.UpcomingHondaBikesUnder4Lac.the_user_clicks_on_the_view_more_button()
[Honda PCX160, Rs. 1.20 Lakh, Expected Launch : Jun 2024]
[Honda Activa Electric, Rs. 1.10 Lakh, Expected Launch : Jun 2024]
[Honda Activa 7G, Rs. 79,000, Expected Launch : Oct 2024]
[Honda CB350 Cruiser, Rs. 2.30 Lakh, Expected Launch : Nov 2024]
[Honda Forza 350, Rs. 3.70 Lakh, Expected Launch : Unrevealed]
[Honda CBR150R, Rs. 1.70 Lakh, Expected Launch : Unrevealed]
[Honda Rebel 300, Rs. 2.30 Lakh, Expected Launch : Unrevealed]
[Honda CRF300L, Rs. 3.30 Lakh, Expected Launch Date : 31 Dec 2050]
  Then the user should filter out the displayed Honda bikes with a price less than 4Lac # stepDefinitions.UpcomingHondaBikesUnder4Lac.the_user_should_filter_out_the_displayed_honda_bikes_with_a_price_less_than_4lac()
Bike Name List: [Honda PCX160, Honda Activa Electric, Honda Activa 7G, Honda CB350 Cruiser, Honda Forza 350, Honda CBR150R, Honda Rebel 300, Honda CRF300L]
Price List: [Rs. 1.20 Lakh, Rs. 1.10 Lakh, Rs. 79,000, Rs. 2.30 Lakh, Rs. 3.70 Lakh, Rs. 1.70 Lakh, Rs. 2.30 Lakh, Rs. 3.30 Lakh]
Expected Launch Date List: [Jun 2024, Jun 2024, Oct 2024, Nov 2024, Unrevealed, Unrevealed, Unrevealed, 31 Dec 2050]
  And for each bike priced under 4Lac should be added to their respective lists         # stepDefinitions.UpcomingHondaBikesUnder4Lac.for_each_bike_priced_under_4lac_should_be_added_to_their_respective_lists(io.cucumber.datatable.DataTable)
    | Bike Name | Price | Expected Launch Date |
]]></system-out>
  </testcase>
  <testcase name="runScenario[&quot;View popular used car models in Chennai&quot;, &quot;Display popular used car models in Chennai&quot;](3)" classname="testRunner.TestRunner" time="28.584">
    <system-out><![CDATA[
@tag
Scenario: View popular used car models in Chennai                # Features/UsedCars.feature:7
  Given the user has the car sales website open in their browser # stepDefinitions.UsedCars.the_user_has_the_car_sales_website_open_in_their_browser()
  When the user hovers over the Used Cars link                   # stepDefinitions.UsedCars.the_user_hovers_over_the_used_cars_link()
  And the user selects Chennai from the dropdown                 # stepDefinitions.UsedCars.the_user_selects_chennai_from_the_dropdown()
  And the user scrolls down to the list of popular models        # stepDefinitions.UsedCars.the_user_scrolls_down_to_the_list_of_popular_models()
  Then the user should extract all the popular models in a List  # stepDefinitions.UsedCars.the_user_should_extract_all_the_popular_models_in_a_list()
[Maruti 800, Maruti Swift Dzire, Maruti Swift, Hyundai I10, Hyundai Santro Xing, Honda City, Toyota Innova, Toyota Fortuner, Mahindra XUV500]
  And the user displays the same in the console                  # stepDefinitions.UsedCars.the_user_displays_the_same_in_the_console()
]]></system-out>
  </testcase>
</testsuite>